# JRE version: OpenJDK Runtime Environment (8.0_151-b12) (build 1.8.0_151-8u151-b12-0ubuntu0.16.04.2-b12)
# Java VM: OpenJDK 64-Bit Server VM (25.151-b12 mixed mode linux-amd64 compressed oops)
Heap:
 def new generation   total 19136K, used 10229K [0x00000000c2400000, 0x00000000c38c0000, 0x00000000d6d50000)
  eden space 17024K,  51% used [0x00000000c2400000, 0x00000000c2ca4fa8, 0x00000000c34a0000)
  from space 2112K,  65% used [0x00000000c36b0000, 0x00000000c38086f0, 0x00000000c38c0000)
  to   space 2112K,   0% used [0x00000000c34a0000, 0x00000000c34a0000, 0x00000000c36b0000)
 tenured generation   total 42368K, used 10197K [0x00000000d6d50000, 0x00000000d96b0000, 0x0000000100000000)
   the space 42368K,  24% used [0x00000000d6d50000, 0x00000000d77455c0, 0x00000000d7745600, 0x00000000d96b0000)
 Metaspace       used 24361K, capacity 24726K, committed 25088K, reserved 1071104K
  class space    used 2865K, capacity 2960K, committed 3072K, reserved 1048576K
GC Heap History (10 events):
Event: 59,286 GC heap before
{Heap before GC invocations=8 (full 1):
 def new generation   total 19136K, used 17024K [0x00000000c2400000, 0x00000000c38c0000, 0x00000000d6d50000)
  eden space 17024K, 100% used [0x00000000c2400000, 0x00000000c34a0000, 0x00000000c34a0000)
  from space 2112K,   0% used [0x00000000c34a0000, 0x00000000c34a0000, 0x00000000c36b0000)
  to   space 2112K,   0% used [0x00000000c36b0000, 0x00000000c36b0000, 0x00000000c38c0000)
 tenured generation   total 42368K, used 8537K [0x00000000d6d50000, 0x00000000d96b0000, 0x0000000100000000)
   the space 42368K,  20% used [0x00000000d6d50000, 0x00000000d75a6750, 0x00000000d75a6800, 0x00000000d96b0000)
 Metaspace       used 21473K, capacity 21716K, committed 21888K, reserved 1069056K
  class space    used 2520K, capacity 2627K, committed 2688K, reserved 1048576K
Event: 59,289 GC heap after
Heap after GC invocations=9 (full 1):
 def new generation   total 19136K, used 1206K [0x00000000c2400000, 0x00000000c38c0000, 0x00000000d6d50000)
  eden space 17024K,   0% used [0x00000000c2400000, 0x00000000c2400000, 0x00000000c34a0000)
  from space 2112K,  57% used [0x00000000c36b0000, 0x00000000c37dd928, 0x00000000c38c0000)
  to   space 2112K,   0% used [0x00000000c34a0000, 0x00000000c34a0000, 0x00000000c36b0000)
 tenured generation   total 42368K, used 8537K [0x00000000d6d50000, 0x00000000d96b0000, 0x0000000100000000)
   the space 42368K,  20% used [0x00000000d6d50000, 0x00000000d75a6750, 0x00000000d75a6800, 0x00000000d96b0000)
 Metaspace       used 21473K, capacity 21716K, committed 21888K, reserved 1069056K
  class space    used 2520K, capacity 2627K, committed 2688K, reserved 1048576K
}
Event: 61,572 GC heap before
{Heap before GC invocations=9 (full 1):
 def new generation   total 19136K, used 18230K [0x00000000c2400000, 0x00000000c38c0000, 0x00000000d6d50000)
  eden space 17024K, 100% used [0x00000000c2400000, 0x00000000c34a0000, 0x00000000c34a0000)
  from space 2112K,  57% used [0x00000000c36b0000, 0x00000000c37dd928, 0x00000000c38c0000)
  to   space 2112K,   0% used [0x00000000c34a0000, 0x00000000c34a0000, 0x00000000c36b0000)
 tenured generation   total 42368K, used 8537K [0x00000000d6d50000, 0x00000000d96b0000, 0x0000000100000000)
   the space 42368K,  20% used [0x00000000d6d50000, 0x00000000d75a6750, 0x00000000d75a6800, 0x00000000d96b0000)
 Metaspace       used 21685K, capacity 22010K, committed 22144K, reserved 1069056K
  class space    used 2549K, capacity 2660K, committed 2688K, reserved 1048576K
Event: 61,575 GC heap after
Heap after GC invocations=10 (full 1):
 def new generation   total 19136K, used 904K [0x00000000c2400000, 0x00000000c38c0000, 0x00000000d6d50000)
  eden space 17024K,   0% used [0x00000000c2400000, 0x00000000c2400000, 0x00000000c34a0000)
  from space 2112K,  42% used [0x00000000c34a0000, 0x00000000c35821c8, 0x00000000c36b0000)
  to   space 2112K,   0% used [0x00000000c36b0000, 0x00000000c36b0000, 0x00000000c38c0000)
 tenured generation   total 42368K, used 9157K [0x00000000d6d50000, 0x00000000d96b0000, 0x0000000100000000)
   the space 42368K,  21% used [0x00000000d6d50000, 0x00000000d76416c0, 0x00000000d7641800, 0x00000000d96b0000)
 Metaspace       used 21685K, capacity 22010K, committed 22144K, reserved 1069056K
  class space    used 2549K, capacity 2660K, committed 2688K, reserved 1048576K
}
Event: 64,651 GC heap before
{Heap before GC invocations=10 (full 1):
 def new generation   total 19136K, used 17928K [0x00000000c2400000, 0x00000000c38c0000, 0x00000000d6d50000)
  eden space 17024K, 100% used [0x00000000c2400000, 0x00000000c34a0000, 0x00000000c34a0000)
  from space 2112K,  42% used [0x00000000c34a0000, 0x00000000c35821c8, 0x00000000c36b0000)
  to   space 2112K,   0% used [0x00000000c36b0000, 0x00000000c36b0000, 0x00000000c38c0000)
 tenured generation   total 42368K, used 9157K [0x00000000d6d50000, 0x00000000d96b0000, 0x0000000100000000)
   the space 42368K,  21% used [0x00000000d6d50000, 0x00000000d76416c0, 0x00000000d7641800, 0x00000000d96b0000)
 Metaspace       used 21997K, capacity 22264K, committed 22528K, reserved 1069056K
  class space    used 2583K, capacity 2698K, committed 2816K, reserved 1048576K
Event: 64,657 GC heap after
Heap after GC invocations=11 (full 1):
 def new generation   total 19136K, used 1049K [0x00000000c2400000, 0x00000000c38c0000, 0x00000000d6d50000)
  eden space 17024K,   0% used [0x00000000c2400000, 0x00000000c2400000, 0x00000000c34a0000)
  from space 2112K,  49% used [0x00000000c36b0000, 0x00000000c37b65f8, 0x00000000c38c0000)
  to   space 2112K,   0% used [0x00000000c34a0000, 0x00000000c34a0000, 0x00000000c36b0000)
 tenured generation   total 42368K, used 9157K [0x00000000d6d50000, 0x00000000d96b0000, 0x0000000100000000)
   the space 42368K,  21% used [0x00000000d6d50000, 0x00000000d76416c0, 0x00000000d7641800, 0x00000000d96b0000)
 Metaspace       used 21997K, capacity 22264K, committed 22528K, reserved 1069056K
  class space    used 2583K, capacity 2698K, committed 2816K, reserved 1048576K
}
Event: 68,018 GC heap before
{Heap before GC invocations=11 (full 1):
 def new generation   total 19136K, used 18073K [0x00000000c2400000, 0x00000000c38c0000, 0x00000000d6d50000)
  eden space 17024K, 100% used [0x00000000c2400000, 0x00000000c34a0000, 0x00000000c34a0000)
  from space 2112K,  49% used [0x00000000c36b0000, 0x00000000c37b65f8, 0x00000000c38c0000)
  to   space 2112K,   0% used [0x00000000c34a0000, 0x00000000c34a0000, 0x00000000c36b0000)
 tenured generation   total 42368K, used 9157K [0x00000000d6d50000, 0x00000000d96b0000, 0x0000000100000000)
   the space 42368K,  21% used [0x00000000d6d50000, 0x00000000d76416c0, 0x00000000d7641800, 0x00000000d96b0000)
 Metaspace       used 22919K, capacity 23198K, committed 23296K, reserved 1069056K
  class space    used 2706K, capacity 2795K, committed 2816K, reserved 1048576K
Event: 68,022 GC heap after
Heap after GC invocations=12 (full 1):
 def new generation   total 19136K, used 2110K [0x00000000c2400000, 0x00000000c38c0000, 0x00000000d6d50000)
  eden space 17024K,   0% used [0x00000000c2400000, 0x00000000c2400000, 0x00000000c34a0000)
  from space 2112K,  99% used [0x00000000c34a0000, 0x00000000c36af8c8, 0x00000000c36b0000)
  to   space 2112K,   0% used [0x00000000c36b0000, 0x00000000c36b0000, 0x00000000c38c0000)
 tenured generation   total 42368K, used 9157K [0x00000000d6d50000, 0x00000000d96b0000, 0x0000000100000000)
   the space 42368K,  21% used [0x00000000d6d50000, 0x00000000d76416c0, 0x00000000d7641800, 0x00000000d96b0000)
 Metaspace       used 22919K, capacity 23198K, committed 23296K, reserved 1069056K
  class space    used 2706K, capacity 2795K, committed 2816K, reserved 1048576K
}
Event: 76,697 GC heap before
{Heap before GC invocations=12 (full 1):
 def new generation   total 19136K, used 19134K [0x00000000c2400000, 0x00000000c38c0000, 0x00000000d6d50000)
  eden space 17024K, 100% used [0x00000000c2400000, 0x00000000c34a0000, 0x00000000c34a0000)
  from space 2112K,  99% used [0x00000000c34a0000, 0x00000000c36af8c8, 0x00000000c36b0000)
  to   space 2112K,   0% used [0x00000000c36b0000, 0x00000000c36b0000, 0x00000000c38c0000)
 tenured generation   total 42368K, used 9157K [0x00000000d6d50000, 0x00000000d96b0000, 0x0000000100000000)
   the space 42368K,  21% used [0x00000000d6d50000, 0x00000000d76416c0, 0x00000000d7641800, 0x00000000d96b0000)
 Metaspace       used 24105K, capacity 24438K, committed 24704K, reserved 1071104K
  class space    used 2839K, capacity 2928K, committed 2944K, reserved 1048576K
Event: 76,820 GC heap after
Heap after GC invocations=13 (full 1):
 def new generation   total 19136K, used 1377K [0x00000000c2400000, 0x00000000c38c0000, 0x00000000d6d50000)
  eden space 17024K,   0% used [0x00000000c2400000, 0x00000000c2400000, 0x00000000c34a0000)
  from space 2112K,  65% used [0x00000000c36b0000, 0x00000000c38086f0, 0x00000000c38c0000)
  to   space 2112K,   0% used [0x00000000c34a0000, 0x00000000c34a0000, 0x00000000c36b0000)
 tenured generation   total 42368K, used 10197K [0x00000000d6d50000, 0x00000000d96b0000, 0x0000000100000000)
   the space 42368K,  24% used [0x00000000d6d50000, 0x00000000d77455c0, 0x00000000d7745600, 0x00000000d96b0000)
 Metaspace       used 24105K, capacity 24438K, committed 24704K, reserved 1071104K
  class space    used 2839K, capacity 2928K, committed 2944K, reserved 1048576K
}

